2020-06-06T09:49:36.632Z [brasil-estados-cidades-api] info: API Running...
2020-06-06T09:50:18.301Z [brasil-estados-cidades-api] info: API Running...
2020-06-06T09:50:22.134Z [brasil-estados-cidades-api] info: GET /test - API Running...
2020-06-06T09:50:48.585Z [brasil-estados-cidades-api] info: API Running...
2020-06-06T09:53:57.407Z [brasil-estados-cidades-api] info: API Running...
2020-06-06T09:55:28.616Z [brasil-estados-cidades-api] info: API Running...
2020-06-06T09:57:36.955Z [brasil-estados-cidades-api] info: API Running...
2020-06-06T09:57:48.512Z [brasil-estados-cidades-api] info: GET /states - arquivo lido com sucesso"! Nome do Arquivo: "Estados.json
2020-06-06T09:58:27.417Z [brasil-estados-cidades-api] info: API Running...
2020-06-06T09:58:30.293Z [brasil-estados-cidades-api] info: GET /states - arquivo lido com sucesso! Nome do Arquivo: Estados.json
2020-06-06T09:59:52.401Z [brasil-estados-cidades-api] info: API Running...
2020-06-06T10:00:05.020Z [brasil-estados-cidades-api] info: API Running...
2020-06-06T10:02:16.739Z [brasil-estados-cidades-api] info: API Running...
2020-06-06T10:03:09.995Z [brasil-estados-cidades-api] info: API Running...
2020-06-06T10:04:23.908Z [brasil-estados-cidades-api] info: API Running...
2020-06-06T10:04:35.394Z [brasil-estados-cidades-api] info: API Running...
2020-06-06T10:04:35.436Z [brasil-estados-cidades-api] info: function getStates - arquivo lido com sucesso! Nome do Arquivo: Estados.json
2020-06-06T10:05:59.405Z [brasil-estados-cidades-api] info: API Running...
2020-06-06T10:05:59.493Z [brasil-estados-cidades-api] info: function getStates - arquivo lido com sucesso! Nome do Arquivo: Estados.json
2020-06-06T10:06:10.600Z [brasil-estados-cidades-api] info: API Running...
2020-06-06T10:06:10.666Z [brasil-estados-cidades-api] info: function getStates - arquivo lido com sucesso! Nome do Arquivo: Estados.json
2020-06-06T10:06:15.748Z [brasil-estados-cidades-api] info: function getCities - arquivo lido com sucesso! Nome do Arquivo: Cidades.json
2020-06-06T10:07:38.186Z [brasil-estados-cidades-api] info: API Running...
2020-06-06T10:11:21.884Z [brasil-estados-cidades-api] info: API Running...
2020-06-06T10:12:50.504Z [brasil-estados-cidades-api] info: API Running...
2020-06-06T10:14:29.249Z [brasil-estados-cidades-api] info: API Running...
2020-06-06T10:15:10.643Z [brasil-estados-cidades-api] info: API Running...
2020-06-06T10:25:56.555Z [brasil-estados-cidades-api] info: API Running...
2020-06-06T10:26:30.855Z [brasil-estados-cidades-api] info: API Running...
2020-06-06T10:26:30.881Z [brasil-estados-cidades-api] info: function getStates - arquivo lido com sucesso! Nome do Arquivo: Estados.json
2020-06-06T10:27:17.962Z [brasil-estados-cidades-api] info: API Running...
2020-06-06T10:27:17.971Z [brasil-estados-cidades-api] error: function getStates - state is not defined
2020-06-06T10:27:30.917Z [brasil-estados-cidades-api] info: API Running...
2020-06-06T10:27:30.938Z [brasil-estados-cidades-api] info: function getStates - arquivo lido com sucesso! Nome do Arquivo: Estados.json
2020-06-06T10:27:48.195Z [brasil-estados-cidades-api] info: API Running...
2020-06-06T10:27:48.203Z [brasil-estados-cidades-api] error: function getStates - _____ is not defined
2020-06-06T10:27:57.571Z [brasil-estados-cidades-api] info: API Running...
2020-06-06T10:27:57.610Z [brasil-estados-cidades-api] info: function getStates - arquivo lido com sucesso! Nome do Arquivo: Estados.json
2020-06-06T10:28:30.850Z [brasil-estados-cidades-api] info: API Running...
2020-06-06T10:28:30.898Z [brasil-estados-cidades-api] info: function getStates - arquivo lido com sucesso! Nome do Arquivo: Estados.json
2020-06-06T10:34:45.761Z [brasil-estados-cidades-api] info: API Running...
2020-06-06T10:34:45.778Z [brasil-estados-cidades-api] info: function getStates - arquivo lido com sucesso! Nome do Arquivo: Estados.json
2020-06-06T10:35:12.114Z [brasil-estados-cidades-api] info: API Running...
2020-06-06T10:35:12.134Z [brasil-estados-cidades-api] info: function getStates - arquivo lido com sucesso! Nome do Arquivo: Estados.json
2020-06-06T10:35:32.084Z [brasil-estados-cidades-api] info: API Running...
2020-06-06T10:35:32.123Z [brasil-estados-cidades-api] info: function getStates - arquivo lido com sucesso! Nome do Arquivo: Estados.json
2020-06-06T10:35:46.117Z [brasil-estados-cidades-api] info: API Running...
2020-06-06T10:35:46.123Z [brasil-estados-cidades-api] error: function getStates - name is not defined
2020-06-06T10:36:00.291Z [brasil-estados-cidades-api] info: API Running...
2020-06-06T10:36:00.296Z [brasil-estados-cidades-api] error: function getStates - Cannot read property 'name' of undefined
2020-06-06T10:36:05.468Z [brasil-estados-cidades-api] info: API Running...
2020-06-06T10:36:05.507Z [brasil-estados-cidades-api] info: function getStates - arquivo lido com sucesso! Nome do Arquivo: Estados.json
2020-06-06T10:36:21.369Z [brasil-estados-cidades-api] info: API Running...
2020-06-06T10:36:21.374Z [brasil-estados-cidades-api] error: function getStates - Cannot read property 'name' of undefined
2020-06-06T10:36:27.484Z [brasil-estados-cidades-api] info: API Running...
2020-06-06T10:36:27.497Z [brasil-estados-cidades-api] info: function getStates - arquivo lido com sucesso! Nome do Arquivo: Estados.json
2020-06-06T10:36:33.947Z [brasil-estados-cidades-api] info: API Running...
2020-06-06T10:36:34.151Z [brasil-estados-cidades-api] info: function getStates - arquivo lido com sucesso! Nome do Arquivo: Estados.json
2020-06-06T10:37:12.424Z [brasil-estados-cidades-api] info: API Running...
2020-06-06T10:37:12.430Z [brasil-estados-cidades-api] info: function getStates - arquivo lido com sucesso! Nome do Arquivo: Estados.json
2020-06-06T10:37:51.940Z [brasil-estados-cidades-api] info: API Running...
2020-06-06T10:37:51.946Z [brasil-estados-cidades-api] info: function getStates - arquivo lido com sucesso! Nome do Arquivo: Estados.json
2020-06-06T10:38:56.849Z [brasil-estados-cidades-api] info: API Running...
2020-06-06T10:38:56.892Z [brasil-estados-cidades-api] info: function getStates - arquivo lido com sucesso! Nome do Arquivo: Estados.json
2020-06-06T10:39:18.900Z [brasil-estados-cidades-api] info: API Running...
2020-06-06T10:39:18.906Z [brasil-estados-cidades-api] error: function getStates - name is not defined
2020-06-06T10:39:41.454Z [brasil-estados-cidades-api] info: API Running...
2020-06-06T10:39:41.459Z [brasil-estados-cidades-api] info: function getStates - arquivo lido com sucesso! Nome do Arquivo: Estados.json
2020-06-06T10:39:48.706Z [brasil-estados-cidades-api] info: API Running...
2020-06-06T10:39:48.712Z [brasil-estados-cidades-api] info: function getStates - arquivo lido com sucesso! Nome do Arquivo: Estados.json
2020-06-06T10:40:19.122Z [brasil-estados-cidades-api] info: API Running...
2020-06-06T10:40:19.129Z [brasil-estados-cidades-api] info: function getStates - arquivo lido com sucesso! Nome do Arquivo: Estados.json
2020-06-06T10:40:34.486Z [brasil-estados-cidades-api] info: API Running...
2020-06-06T10:40:34.492Z [brasil-estados-cidades-api] error: function getStates - Found non-callable @@iterator
2020-06-06T10:40:42.026Z [brasil-estados-cidades-api] info: API Running...
2020-06-06T10:40:42.033Z [brasil-estados-cidades-api] error: function getStates - states is not defined
2020-06-06T10:41:17.038Z [brasil-estados-cidades-api] info: API Running...
2020-06-06T10:41:17.049Z [brasil-estados-cidades-api] error: function getStates - states is not defined
2020-06-06T10:41:21.084Z [brasil-estados-cidades-api] info: API Running...
2020-06-06T10:41:21.108Z [brasil-estados-cidades-api] info: function getStates - arquivo lido com sucesso! Nome do Arquivo: Estados.json
2020-06-06T10:41:37.182Z [brasil-estados-cidades-api] info: API Running...
2020-06-06T10:41:37.202Z [brasil-estados-cidades-api] info: function getStates - arquivo lido com sucesso! Nome do Arquivo: Estados.json
2020-06-06T10:43:39.794Z [brasil-estados-cidades-api] info: API Running...
2020-06-06T10:43:39.800Z [brasil-estados-cidades-api] error: function getStates - state.findIndex is not a function
2020-06-06T10:43:54.812Z [brasil-estados-cidades-api] info: API Running...
2020-06-06T10:43:54.823Z [brasil-estados-cidades-api] error: function getStates - state.findIndex is not a function
2020-06-06T10:46:18.570Z [brasil-estados-cidades-api] info: API Running...
2020-06-06T10:46:18.586Z [brasil-estados-cidades-api] error: function getStates - states is not defined
2020-06-06T10:47:03.821Z [brasil-estados-cidades-api] info: API Running...
2020-06-06T10:47:03.842Z [brasil-estados-cidades-api] info: function getStates - arquivo lido com sucesso! Nome do Arquivo: Estados.json
2020-06-06T10:47:55.830Z [brasil-estados-cidades-api] info: API Running...
2020-06-06T10:47:55.869Z [brasil-estados-cidades-api] info: function getStates - arquivo lido com sucesso! Nome do Arquivo: Estados.json
2020-06-06T10:48:05.245Z [brasil-estados-cidades-api] info: API Running...
2020-06-06T10:48:05.282Z [brasil-estados-cidades-api] info: function getStates - arquivo lido com sucesso! Nome do Arquivo: Estados.json
2020-06-06T10:48:37.721Z [brasil-estados-cidades-api] info: API Running...
2020-06-06T10:48:37.740Z [brasil-estados-cidades-api] info: function getStates - arquivo lido com sucesso! Nome do Arquivo: Estados.json
2020-06-06T10:48:43.225Z [brasil-estados-cidades-api] info: API Running...
2020-06-06T10:48:43.249Z [brasil-estados-cidades-api] info: function getStates - arquivo lido com sucesso! Nome do Arquivo: Estados.json
2020-06-06T10:49:13.639Z [brasil-estados-cidades-api] info: API Running...
2020-06-06T10:49:13.666Z [brasil-estados-cidades-api] info: function getStates - arquivo lido com sucesso! Nome do Arquivo: Estados.json
2020-06-06T10:49:30.004Z [brasil-estados-cidades-api] info: API Running...
2020-06-06T10:49:30.016Z [brasil-estados-cidades-api] info: function getStates - arquivo lido com sucesso! Nome do Arquivo: Estados.json
2020-06-06T10:49:43.689Z [brasil-estados-cidades-api] info: API Running...
2020-06-06T10:49:43.714Z [brasil-estados-cidades-api] info: function getStates - arquivo lido com sucesso! Nome do Arquivo: Estados.json
2020-06-06T10:49:53.509Z [brasil-estados-cidades-api] info: API Running...
2020-06-06T10:49:53.522Z [brasil-estados-cidades-api] info: function getStates - arquivo lido com sucesso! Nome do Arquivo: Estados.json
2020-06-06T10:50:01.782Z [brasil-estados-cidades-api] info: API Running...
2020-06-06T10:50:01.800Z [brasil-estados-cidades-api] info: function getStates - arquivo lido com sucesso! Nome do Arquivo: Estados.json
2020-06-06T10:50:25.422Z [brasil-estados-cidades-api] info: API Running...
2020-06-06T10:50:25.434Z [brasil-estados-cidades-api] error: function getStates - states is not defined
2020-06-06T10:50:31.756Z [brasil-estados-cidades-api] info: API Running...
2020-06-06T10:50:31.761Z [brasil-estados-cidades-api] error: function getStates - nome is not defined
2020-06-06T10:50:37.245Z [brasil-estados-cidades-api] info: API Running...
2020-06-06T10:50:37.250Z [brasil-estados-cidades-api] error: function getStates - nome is not defined
2020-06-06T10:52:33.031Z [brasil-estados-cidades-api] info: API Running...
2020-06-06T10:52:33.048Z [brasil-estados-cidades-api] error: function getStates - Cannot read property 'forEach' of undefined
2020-06-06T10:52:37.254Z [brasil-estados-cidades-api] info: API Running...
2020-06-06T10:52:37.267Z [brasil-estados-cidades-api] error: function getStates - nome is not defined
2020-06-06T10:55:28.076Z [brasil-estados-cidades-api] info: API Running...
2020-06-06T10:55:28.087Z [brasil-estados-cidades-api] error: function getStates - Cannot read property 'nome' of undefined
2020-06-06T10:55:38.468Z [brasil-estados-cidades-api] info: API Running...
2020-06-06T10:55:38.488Z [brasil-estados-cidades-api] info: function getStates - arquivo lido com sucesso! Nome do Arquivo: Estados.json
2020-06-06T10:55:47.097Z [brasil-estados-cidades-api] info: API Running...
2020-06-06T10:55:47.113Z [brasil-estados-cidades-api] info: function getStates - arquivo lido com sucesso! Nome do Arquivo: Estados.json
2020-06-06T10:55:53.926Z [brasil-estados-cidades-api] info: API Running...
2020-06-06T10:55:53.931Z [brasil-estados-cidades-api] info: function getStates - arquivo lido com sucesso! Nome do Arquivo: Estados.json
2020-06-06T10:56:05.749Z [brasil-estados-cidades-api] info: API Running...
2020-06-06T10:56:05.785Z [brasil-estados-cidades-api] info: function getStates - arquivo lido com sucesso! Nome do Arquivo: Estados.json
2020-06-06T10:58:08.616Z [brasil-estados-cidades-api] info: API Running...
2020-06-06T10:58:08.635Z [brasil-estados-cidades-api] info: function getStates - arquivo lido com sucesso! Nome do Arquivo: Estados.json
2020-06-06T10:58:25.929Z [brasil-estados-cidades-api] info: API Running...
2020-06-06T10:58:25.951Z [brasil-estados-cidades-api] info: function getStates - arquivo lido com sucesso! Nome do Arquivo: Estados.json
2020-06-06T11:00:06.327Z [brasil-estados-cidades-api] info: API Running...
2020-06-06T11:00:16.225Z [brasil-estados-cidades-api] info: API Running...
2020-06-06T11:00:27.957Z [brasil-estados-cidades-api] info: API Running...
2020-06-06T11:00:38.696Z [brasil-estados-cidades-api] info: API Running...
2020-06-06T11:00:51.683Z [brasil-estados-cidades-api] info: API Running...
2020-06-06T11:01:29.568Z [brasil-estados-cidades-api] info: API Running...
2020-06-06T11:03:27.918Z [brasil-estados-cidades-api] info: API Running...
2020-06-06T11:03:49.200Z [brasil-estados-cidades-api] info: API Running...
2020-06-06T14:27:29.109Z [brasil-estados-cidades-api] info: API Running...
2020-06-06T14:27:51.641Z [brasil-estados-cidades-api] info: GET /test - API Running...
2020-06-06T14:27:58.237Z [brasil-estados-cidades-api] info: GET /states - arquivo lido com sucesso! Nome do Arquivo: Estados.json
2020-06-06T14:28:26.791Z [brasil-estados-cidades-api] info: API Running...
2020-06-06T14:30:18.600Z [brasil-estados-cidades-api] info: API Running...
2020-06-06T14:32:56.287Z [brasil-estados-cidades-api] info: API Running...
2020-06-06T14:34:19.174Z [brasil-estados-cidades-api] info: API Running...
2020-06-06T14:36:12.585Z [brasil-estados-cidades-api] info: API Running...
2020-06-06T14:36:25.606Z [brasil-estados-cidades-api] info: API Running...
2020-06-06T14:36:37.285Z [brasil-estados-cidades-api] info: API Running...
2020-06-06T14:37:28.132Z [brasil-estados-cidades-api] info: API Running...
2020-06-06T14:38:22.656Z [brasil-estados-cidades-api] info: API Running...
2020-06-06T14:38:51.228Z [brasil-estados-cidades-api] info: API Running...
2020-06-06T14:39:21.190Z [brasil-estados-cidades-api] info: API Running...
2020-06-06T14:41:16.241Z [brasil-estados-cidades-api] info: API Running...
2020-06-06T14:43:36.630Z [brasil-estados-cidades-api] info: API Running...
2020-06-06T14:43:50.203Z [brasil-estados-cidades-api] info: API Running...
2020-06-06T14:44:20.924Z [brasil-estados-cidades-api] info: API Running...
